<?xml version="1.0" encoding="UTF-8"?>
<!-- Generated by org.testng.reporters.JUnitReportReporter -->
<testsuite hostname="DESKTOP-SAUO6O6" failures="0" tests="1" name="com.w2a.API_Batch3.testCases.TestCreateCustomerAPI" time="2.190" errors="0" timestamp="2024-05-29T00:56:31 IST" skipped="0">
  <testcase classname="com.w2a.API_Batch3.testCases.TestCreateCustomerAPI" name="validateCreateCustomerAPI" time="2.190"/>
</testsuite> <!-- com.w2a.API_Batch3.testCases.TestCreateCustomerAPI -->
