<?xml version="1.0" encoding="UTF-8"?>
<!-- Generated by org.testng.reporters.JUnitReportReporter -->
<testsuite hostname="DESKTOP-SAUO6O6" failures="0" tests="2" name="com.w2a.API_Batch3.testCases.TestCreateCustomerAPI" time="1.626" errors="0" timestamp="2024-07-04T00:42:50 IST" skipped="1">
  <testcase classname="com.w2a.API_Batch3.testCases.TestCreateCustomerAPI" name="validateCreateCustomerAPI" time="1.626"/>
  <testcase classname="com.w2a.API_Batch3.testCases.TestCreateCustomerAPI" name="m1">
    <skipped/>
  </testcase> <!-- m1 -->
</testsuite> <!-- com.w2a.API_Batch3.testCases.TestCreateCustomerAPI -->
